# JRE version: OpenJDK Runtime Environment Temurin-21.0.6+7 (21.0.6+7) (build 21.0.6+7-LTS)
# Java VM: OpenJDK 64-Bit Server VM Temurin-21.0.6+7 (21.0.6+7-LTS, mixed mode, sharing, tiered, compressed oops, compressed class ptrs, parallel gc, windows-amd64)
GC Precious Log:
 CardTable entry size: 512
 CPUs: 4 total, 4 available
 Memory: 12174M
 Large Page Support: Disabled
 NUMA Support: Disabled
 Compressed Oops: Enabled (32-bit)
 Alignments: Space 512K, Generation 512K, Heap 2M
 Heap Min Capacity: 100M
 Heap Initial Capacity: 100M
 Heap Max Capacity: 1G
 Pre-touch: Disabled
 Parallel Workers: 4
Heap:
 PSYoungGen      total 2048K, used 0K [0x00000000eab00000, 0x00000000eae80000, 0x0000000100000000)
  eden space 1024K, 0% used [0x00000000eab00000,0x00000000eab00000,0x00000000eac00000)
  from space 1024K, 0% used [0x00000000eac80000,0x00000000eac80000,0x00000000ead80000)
  to   space 512K, 0% used [0x00000000eae00000,0x00000000eae00000,0x00000000eae80000)
 ParOldGen       total 604160K, used 191371K [0x00000000c0000000, 0x00000000e4e00000, 0x00000000eab00000)
  object space 604160K, 31% used [0x00000000c0000000,0x00000000cbae2f50,0x00000000e4e00000)
 Metaspace       used 83039K, committed 84544K, reserved 1179648K
  class space    used 9528K, committed 10176K, reserved 1048576K
GC Heap History (20 events):
Event: 261.263 GC heap after
{Heap after GC invocations=5830 (full 6):
 PSYoungGen      total 2048K, used 1021K [0x00000000eab00000, 0x00000000eb400000, 0x0000000100000000)
  eden space 1024K, 0% used [0x00000000eab00000,0x00000000eab00000,0x00000000eac00000)
  from space 1024K, 99% used [0x00000000eaf00000,0x00000000eafff700,0x00000000eb000000)
  to   space 3072K, 0% used [0x00000000eac00000,0x00000000eac00000,0x00000000eaf00000)
 ParOldGen       total 601088K, used 600788K [0x00000000c0000000, 0x00000000e4b00000, 0x00000000eab00000)
  object space 601088K, 99% used [0x00000000c0000000,0x00000000e4ab5140,0x00000000e4b00000)
 Metaspace       used 82770K, committed 84352K, reserved 1179648K
  class space    used 9498K, committed 10176K, reserved 1048576K
}
Event: 261.296 GC heap before
{Heap before GC invocations=5831 (full 6):
 PSYoungGen      total 2048K, used 2045K [0x00000000eab00000, 0x00000000eb400000, 0x0000000100000000)
  eden space 1024K, 100% used [0x00000000eab00000,0x00000000eac00000,0x00000000eac00000)
  from space 1024K, 99% used [0x00000000eaf00000,0x00000000eafff700,0x00000000eb000000)
  to   space 3072K, 0% used [0x00000000eac00000,0x00000000eac00000,0x00000000eaf00000)
 ParOldGen       total 601088K, used 600788K [0x00000000c0000000, 0x00000000e4b00000, 0x00000000eab00000)
  object space 601088K, 99% used [0x00000000c0000000,0x00000000e4ab5140,0x00000000e4b00000)
 Metaspace       used 82770K, committed 84352K, reserved 1179648K
  class space    used 9498K, committed 10176K, reserved 1048576K
}
Event: 261.299 GC heap after
{Heap after GC invocations=5831 (full 6):
 PSYoungGen      total 2048K, used 909K [0x00000000eab00000, 0x00000000eaf80000, 0x0000000100000000)
  eden space 1024K, 0% used [0x00000000eab00000,0x00000000eab00000,0x00000000eac00000)
  from space 1024K, 88% used [0x00000000eac00000,0x00000000eace3740,0x00000000ead00000)
  to   space 1536K, 0% used [0x00000000eae00000,0x00000000eae00000,0x00000000eaf80000)
 ParOldGen       total 602112K, used 601641K [0x00000000c0000000, 0x00000000e4c00000, 0x00000000eab00000)
  object space 602112K, 99% used [0x00000000c0000000,0x00000000e4b8a6d8,0x00000000e4c00000)
 Metaspace       used 82770K, committed 84352K, reserved 1179648K
  class space    used 9498K, committed 10176K, reserved 1048576K
}
Event: 261.541 GC heap before
{Heap before GC invocations=5832 (full 6):
 PSYoungGen      total 2048K, used 1933K [0x00000000eab00000, 0x00000000eaf80000, 0x0000000100000000)
  eden space 1024K, 100% used [0x00000000eab00000,0x00000000eac00000,0x00000000eac00000)
  from space 1024K, 88% used [0x00000000eac00000,0x00000000eace3740,0x00000000ead00000)
  to   space 1536K, 0% used [0x00000000eae00000,0x00000000eae00000,0x00000000eaf80000)
 ParOldGen       total 602112K, used 601641K [0x00000000c0000000, 0x00000000e4c00000, 0x00000000eab00000)
  object space 602112K, 99% used [0x00000000c0000000,0x00000000e4b8a6d8,0x00000000e4c00000)
 Metaspace       used 82770K, committed 84352K, reserved 1179648K
  class space    used 9498K, committed 10176K, reserved 1048576K
}
Event: 261.544 GC heap after
{Heap after GC invocations=5832 (full 6):
 PSYoungGen      total 1536K, used 320K [0x00000000eab00000, 0x00000000eae80000, 0x0000000100000000)
  eden space 1024K, 0% used [0x00000000eab00000,0x00000000eab00000,0x00000000eac00000)
  from space 512K, 62% used [0x00000000eae00000,0x00000000eae50000,0x00000000eae80000)
  to   space 1024K, 0% used [0x00000000eac80000,0x00000000eac80000,0x00000000ead80000)
 ParOldGen       total 602624K, used 602470K [0x00000000c0000000, 0x00000000e4c80000, 0x00000000eab00000)
  object space 602624K, 99% used [0x00000000c0000000,0x00000000e4c59828,0x00000000e4c80000)
 Metaspace       used 82770K, committed 84352K, reserved 1179648K
  class space    used 9498K, committed 10176K, reserved 1048576K
}
Event: 261.551 GC heap before
{Heap before GC invocations=5833 (full 6):
 PSYoungGen      total 1536K, used 1344K [0x00000000eab00000, 0x00000000eae80000, 0x0000000100000000)
  eden space 1024K, 100% used [0x00000000eab00000,0x00000000eac00000,0x00000000eac00000)
  from space 512K, 62% used [0x00000000eae00000,0x00000000eae50000,0x00000000eae80000)
  to   space 1024K, 0% used [0x00000000eac80000,0x00000000eac80000,0x00000000ead80000)
 ParOldGen       total 602624K, used 602470K [0x00000000c0000000, 0x00000000e4c80000, 0x00000000eab00000)
  object space 602624K, 99% used [0x00000000c0000000,0x00000000e4c59828,0x00000000e4c80000)
 Metaspace       used 82770K, committed 84352K, reserved 1179648K
  class space    used 9498K, committed 10176K, reserved 1048576K
}
Event: 261.554 GC heap after
{Heap after GC invocations=5833 (full 6):
 PSYoungGen      total 2048K, used 224K [0x00000000eab00000, 0x00000000eae80000, 0x0000000100000000)
  eden space 1024K, 0% used [0x00000000eab00000,0x00000000eab00000,0x00000000eac00000)
  from space 1024K, 21% used [0x00000000eac80000,0x00000000eacb8000,0x00000000ead80000)
  to   space 512K, 0% used [0x00000000eae00000,0x00000000eae00000,0x00000000eae80000)
 ParOldGen       total 603136K, used 602702K [0x00000000c0000000, 0x00000000e4d00000, 0x00000000eab00000)
  object space 603136K, 99% used [0x00000000c0000000,0x00000000e4c93828,0x00000000e4d00000)
 Metaspace       used 82770K, committed 84352K, reserved 1179648K
  class space    used 9498K, committed 10176K, reserved 1048576K
}
Event: 261.811 GC heap before
{Heap before GC invocations=5834 (full 6):
 PSYoungGen      total 2048K, used 1248K [0x00000000eab00000, 0x00000000eae80000, 0x0000000100000000)
  eden space 1024K, 100% used [0x00000000eab00000,0x00000000eac00000,0x00000000eac00000)
  from space 1024K, 21% used [0x00000000eac80000,0x00000000eacb8000,0x00000000ead80000)
  to   space 512K, 0% used [0x00000000eae00000,0x00000000eae00000,0x00000000eae80000)
 ParOldGen       total 603136K, used 602702K [0x00000000c0000000, 0x00000000e4d00000, 0x00000000eab00000)
  object space 603136K, 99% used [0x00000000c0000000,0x00000000e4c93828,0x00000000e4d00000)
 Metaspace       used 82883K, committed 84416K, reserved 1179648K
  class space    used 9511K, committed 10176K, reserved 1048576K
}
Event: 261.814 GC heap after
{Heap after GC invocations=5834 (full 6):
 PSYoungGen      total 1536K, used 160K [0x00000000eab00000, 0x00000000eae80000, 0x0000000100000000)
  eden space 1024K, 0% used [0x00000000eab00000,0x00000000eab00000,0x00000000eac00000)
  from space 512K, 31% used [0x00000000eae00000,0x00000000eae28000,0x00000000eae80000)
  to   space 512K, 0% used [0x00000000ead80000,0x00000000ead80000,0x00000000eae00000)
 ParOldGen       total 603136K, used 602860K [0x00000000c0000000, 0x00000000e4d00000, 0x00000000eab00000)
  object space 603136K, 99% used [0x00000000c0000000,0x00000000e4cbb330,0x00000000e4d00000)
 Metaspace       used 82883K, committed 84416K, reserved 1179648K
  class space    used 9511K, committed 10176K, reserved 1048576K
}
Event: 261.962 GC heap before
{Heap before GC invocations=5835 (full 6):
 PSYoungGen      total 1536K, used 1182K [0x00000000eab00000, 0x00000000eae80000, 0x0000000100000000)
  eden space 1024K, 99% used [0x00000000eab00000,0x00000000eabff8a0,0x00000000eac00000)
  from space 512K, 31% used [0x00000000eae00000,0x00000000eae28000,0x00000000eae80000)
  to   space 512K, 0% used [0x00000000ead80000,0x00000000ead80000,0x00000000eae00000)
 ParOldGen       total 603136K, used 602860K [0x00000000c0000000, 0x00000000e4d00000, 0x00000000eab00000)
  object space 603136K, 99% used [0x00000000c0000000,0x00000000e4cbb330,0x00000000e4d00000)
 Metaspace       used 82904K, committed 84480K, reserved 1179648K
  class space    used 9511K, committed 10176K, reserved 1048576K
}
Event: 261.967 GC heap after
{Heap after GC invocations=5835 (full 6):
 PSYoungGen      total 1536K, used 224K [0x00000000eab00000, 0x00000000eae80000, 0x0000000100000000)
  eden space 1024K, 0% used [0x00000000eab00000,0x00000000eab00000,0x00000000eac00000)
  from space 512K, 43% used [0x00000000ead80000,0x00000000eadb8000,0x00000000eae00000)
  to   space 512K, 0% used [0x00000000eae00000,0x00000000eae00000,0x00000000eae80000)
 ParOldGen       total 603136K, used 602916K [0x00000000c0000000, 0x00000000e4d00000, 0x00000000eab00000)
  object space 603136K, 99% used [0x00000000c0000000,0x00000000e4cc9330,0x00000000e4d00000)
 Metaspace       used 82904K, committed 84480K, reserved 1179648K
  class space    used 9511K, committed 10176K, reserved 1048576K
}
Event: 262.029 GC heap before
{Heap before GC invocations=5836 (full 6):
 PSYoungGen      total 1536K, used 1248K [0x00000000eab00000, 0x00000000eae80000, 0x0000000100000000)
  eden space 1024K, 100% used [0x00000000eab00000,0x00000000eac00000,0x00000000eac00000)
  from space 512K, 43% used [0x00000000ead80000,0x00000000eadb8000,0x00000000eae00000)
  to   space 512K, 0% used [0x00000000eae00000,0x00000000eae00000,0x00000000eae80000)
 ParOldGen       total 603136K, used 602916K [0x00000000c0000000, 0x00000000e4d00000, 0x00000000eab00000)
  object space 603136K, 99% used [0x00000000c0000000,0x00000000e4cc9330,0x00000000e4d00000)
 Metaspace       used 82950K, committed 84480K, reserved 1179648K
  class space    used 9517K, committed 10176K, reserved 1048576K
}
Event: 262.031 GC heap after
{Heap after GC invocations=5836 (full 6):
 PSYoungGen      total 1536K, used 352K [0x00000000eab00000, 0x00000000eae80000, 0x0000000100000000)
  eden space 1024K, 0% used [0x00000000eab00000,0x00000000eab00000,0x00000000eac00000)
  from space 512K, 68% used [0x00000000eae00000,0x00000000eae58000,0x00000000eae80000)
  to   space 512K, 0% used [0x00000000ead80000,0x00000000ead80000,0x00000000eae00000)
 ParOldGen       total 603136K, used 603077K [0x00000000c0000000, 0x00000000e4d00000, 0x00000000eab00000)
  object space 603136K, 99% used [0x00000000c0000000,0x00000000e4cf1790,0x00000000e4d00000)
 Metaspace       used 82950K, committed 84480K, reserved 1179648K
  class space    used 9517K, committed 10176K, reserved 1048576K
}
Event: 262.197 GC heap before
{Heap before GC invocations=5837 (full 6):
 PSYoungGen      total 1536K, used 1376K [0x00000000eab00000, 0x00000000eae80000, 0x0000000100000000)
  eden space 1024K, 100% used [0x00000000eab00000,0x00000000eac00000,0x00000000eac00000)
  from space 512K, 68% used [0x00000000eae00000,0x00000000eae58000,0x00000000eae80000)
  to   space 512K, 0% used [0x00000000ead80000,0x00000000ead80000,0x00000000eae00000)
 ParOldGen       total 603136K, used 603077K [0x00000000c0000000, 0x00000000e4d00000, 0x00000000eab00000)
  object space 603136K, 99% used [0x00000000c0000000,0x00000000e4cf1790,0x00000000e4d00000)
 Metaspace       used 83003K, committed 84544K, reserved 1179648K
  class space    used 9521K, committed 10176K, reserved 1048576K
}
Event: 262.200 GC heap after
{Heap after GC invocations=5837 (full 6):
 PSYoungGen      total 1536K, used 256K [0x00000000eab00000, 0x00000000eae80000, 0x0000000100000000)
  eden space 1024K, 0% used [0x00000000eab00000,0x00000000eab00000,0x00000000eac00000)
  from space 512K, 50% used [0x00000000ead80000,0x00000000eadc0000,0x00000000eae00000)
  to   space 512K, 0% used [0x00000000eae00000,0x00000000eae00000,0x00000000eae80000)
 ParOldGen       total 603648K, used 603357K [0x00000000c0000000, 0x00000000e4d80000, 0x00000000eab00000)
  object space 603648K, 99% used [0x00000000c0000000,0x00000000e4d377b0,0x00000000e4d80000)
 Metaspace       used 83003K, committed 84544K, reserved 1179648K
  class space    used 9521K, committed 10176K, reserved 1048576K
}
Event: 262.254 GC heap before
{Heap before GC invocations=5838 (full 6):
 PSYoungGen      total 1536K, used 1280K [0x00000000eab00000, 0x00000000eae80000, 0x0000000100000000)
  eden space 1024K, 100% used [0x00000000eab00000,0x00000000eac00000,0x00000000eac00000)
  from space 512K, 50% used [0x00000000ead80000,0x00000000eadc0000,0x00000000eae00000)
  to   space 512K, 0% used [0x00000000eae00000,0x00000000eae00000,0x00000000eae80000)
 ParOldGen       total 603648K, used 603357K [0x00000000c0000000, 0x00000000e4d80000, 0x00000000eab00000)
  object space 603648K, 99% used [0x00000000c0000000,0x00000000e4d377b0,0x00000000e4d80000)
 Metaspace       used 83039K, committed 84544K, reserved 1179648K
  class space    used 9528K, committed 10176K, reserved 1048576K
}
Event: 262.260 GC heap after
{Heap after GC invocations=5838 (full 6):
 PSYoungGen      total 1536K, used 493K [0x00000000eab00000, 0x00000000eae80000, 0x0000000100000000)
  eden space 1024K, 0% used [0x00000000eab00000,0x00000000eab00000,0x00000000eac00000)
  from space 512K, 96% used [0x00000000eae00000,0x00000000eae7b700,0x00000000eae80000)
  to   space 1024K, 0% used [0x00000000eac80000,0x00000000eac80000,0x00000000ead80000)
 ParOldGen       total 603648K, used 603573K [0x00000000c0000000, 0x00000000e4d80000, 0x00000000eab00000)
  object space 603648K, 99% used [0x00000000c0000000,0x00000000e4d6d7c0,0x00000000e4d80000)
 Metaspace       used 83039K, committed 84544K, reserved 1179648K
  class space    used 9528K, committed 10176K, reserved 1048576K
}
Event: 262.409 GC heap before
{Heap before GC invocations=5839 (full 6):
 PSYoungGen      total 1536K, used 1517K [0x00000000eab00000, 0x00000000eae80000, 0x0000000100000000)
  eden space 1024K, 100% used [0x00000000eab00000,0x00000000eac00000,0x00000000eac00000)
  from space 512K, 96% used [0x00000000eae00000,0x00000000eae7b700,0x00000000eae80000)
  to   space 1024K, 0% used [0x00000000eac80000,0x00000000eac80000,0x00000000ead80000)
 ParOldGen       total 603648K, used 603573K [0x00000000c0000000, 0x00000000e4d80000, 0x00000000eab00000)
  object space 603648K, 99% used [0x00000000c0000000,0x00000000e4d6d7c0,0x00000000e4d80000)
 Metaspace       used 83039K, committed 84544K, reserved 1179648K
  class space    used 9528K, committed 10176K, reserved 1048576K
}
Event: 262.412 GC heap after
{Heap after GC invocations=5839 (full 6):
 PSYoungGen      total 1536K, used 1517K [0x00000000eab00000, 0x00000000eae80000, 0x0000000100000000)
  eden space 1024K, 100% used [0x00000000eab00000,0x00000000eac00000,0x00000000eac00000)
  from space 512K, 96% used [0x00000000eae00000,0x00000000eae7b700,0x00000000eae80000)
  to   space 1024K, 37% used [0x00000000eac80000,0x00000000eace0000,0x00000000ead80000)
 ParOldGen       total 604160K, used 603709K [0x00000000c0000000, 0x00000000e4e00000, 0x00000000eab00000)
  object space 604160K, 99% used [0x00000000c0000000,0x00000000e4d8f7c0,0x00000000e4e00000)
 Metaspace       used 83039K, committed 84544K, reserved 1179648K
  class space    used 9528K, committed 10176K, reserved 1048576K
}
Event: 262.412 GC heap before
{Heap before GC invocations=5840 (full 7):
 PSYoungGen      total 1536K, used 1517K [0x00000000eab00000, 0x00000000eae80000, 0x0000000100000000)
  eden space 1024K, 100% used [0x00000000eab00000,0x00000000eac00000,0x00000000eac00000)
  from space 512K, 96% used [0x00000000eae00000,0x00000000eae7b700,0x00000000eae80000)
  to   space 1024K, 37% used [0x00000000eac80000,0x00000000eace0000,0x00000000ead80000)
 ParOldGen       total 604160K, used 603709K [0x00000000c0000000, 0x00000000e4e00000, 0x00000000eab00000)
  object space 604160K, 99% used [0x00000000c0000000,0x00000000e4d8f7c0,0x00000000e4e00000)
 Metaspace       used 83039K, committed 84544K, reserved 1179648K
  class space    used 9528K, committed 10176K, reserved 1048576K
}

